# JRE version: Java(TM) SE Runtime Environment (17.0.10+11) (build 17.0.10+11-LTS-240)
# Java VM: Java HotSpot(TM) 64-Bit Server VM (17.0.10+11-LTS-240, mixed mode, sharing, tiered, compressed oops, compressed class ptrs, g1 gc, linux-amd64)
GC Precious Log:
 CPUs: 12 total, 12 available
 Memory: 7617M
 Large Page Support: Disabled
 NUMA Support: Disabled
 Compressed Oops: Enabled (32-bit)
 Heap Region Size: 1M
 Heap Min Capacity: 8M
 Heap Initial Capacity: 120M
 Heap Max Capacity: 1906M
 Pre-touch: Disabled
 Parallel Workers: 10
 Concurrent Workers: 3
 Concurrent Refinement Workers: 10
 Periodic GC: Disabled
Heap:
 garbage-first heap   total 119808K, used 88222K [0x0000000088e00000, 0x0000000100000000)
  region size 1024K, 56 young (57344K), 7 survivors (7168K)
 Metaspace       used 57943K, committed 58304K, reserved 1114112K
  class space    used 8347K, committed 8512K, reserved 1048576K
GC Heap History (11 events):
Event: 0.806 GC heap before
{Heap before GC invocations=0 (full 0):
 garbage-first heap   total 124928K, used 24556K [0x0000000088e00000, 0x0000000100000000)
  region size 1024K, 23 young (23552K), 0 survivors (0K)
 Metaspace       used 8931K, committed 9088K, reserved 1114112K
  class space    used 1209K, committed 1280K, reserved 1048576K
}
Event: 0.810 GC heap after
{Heap after GC invocations=1 (full 0):
 garbage-first heap   total 124928K, used 7255K [0x0000000088e00000, 0x0000000100000000)
  region size 1024K, 3 young (3072K), 3 survivors (3072K)
 Metaspace       used 8931K, committed 9088K, reserved 1114112K
  class space    used 1209K, committed 1280K, reserved 1048576K
}
Event: 7.125 GC heap before
{Heap before GC invocations=1 (full 0):
 garbage-first heap   total 124928K, used 57431K [0x0000000088e00000, 0x0000000100000000)
  region size 1024K, 35 young (35840K), 3 survivors (3072K)
 Metaspace       used 17592K, committed 17856K, reserved 1114112K
  class space    used 2556K, committed 2688K, reserved 1048576K
}
Event: 7.131 GC heap after
{Heap after GC invocations=2 (full 0):
 garbage-first heap   total 124928K, used 31310K [0x0000000088e00000, 0x0000000100000000)
  region size 1024K, 5 young (5120K), 5 survivors (5120K)
 Metaspace       used 17592K, committed 17856K, reserved 1114112K
  class space    used 2556K, committed 2688K, reserved 1048576K
}
Event: 7.274 GC heap before
{Heap before GC invocations=2 (full 0):
 garbage-first heap   total 124928K, used 42574K [0x0000000088e00000, 0x0000000100000000)
  region size 1024K, 17 young (17408K), 5 survivors (5120K)
 Metaspace       used 21304K, committed 21504K, reserved 1114112K
  class space    used 3077K, committed 3200K, reserved 1048576K
}
Event: 7.278 GC heap after
{Heap after GC invocations=3 (full 0):
 garbage-first heap   total 124928K, used 32595K [0x0000000088e00000, 0x0000000100000000)
  region size 1024K, 2 young (2048K), 2 survivors (2048K)
 Metaspace       used 21304K, committed 21504K, reserved 1114112K
  class space    used 3077K, committed 3200K, reserved 1048576K
}
Event: 7.826 GC heap before
{Heap before GC invocations=4 (full 0):
 garbage-first heap   total 119808K, used 65363K [0x0000000088e00000, 0x0000000100000000)
  region size 1024K, 35 young (35840K), 2 survivors (2048K)
 Metaspace       used 35816K, committed 36096K, reserved 1114112K
  class space    used 4971K, committed 5120K, reserved 1048576K
}
Event: 7.829 GC heap after
{Heap after GC invocations=5 (full 0):
 garbage-first heap   total 119808K, used 35932K [0x0000000088e00000, 0x0000000100000000)
  region size 1024K, 5 young (5120K), 5 survivors (5120K)
 Metaspace       used 35816K, committed 36096K, reserved 1114112K
  class space    used 4971K, committed 5120K, reserved 1048576K
}
Event: 8.329 GC heap before
{Heap before GC invocations=6 (full 0):
 garbage-first heap   total 119808K, used 79964K [0x0000000088e00000, 0x0000000100000000)
  region size 1024K, 49 young (50176K), 5 survivors (5120K)
 Metaspace       used 49247K, committed 49600K, reserved 1114112K
  class space    used 7000K, committed 7168K, reserved 1048576K
}
Event: 8.335 GC heap after
{Heap after GC invocations=7 (full 0):
 garbage-first heap   total 119808K, used 38046K [0x0000000088e00000, 0x0000000100000000)
  region size 1024K, 3 young (3072K), 3 survivors (3072K)
 Metaspace       used 49247K, committed 49600K, reserved 1114112K
  class space    used 7000K, committed 7168K, reserved 1048576K
}
Event: 10.971 GC heap before
{Heap before GC invocations=7 (full 0):
 garbage-first heap   total 119808K, used 87198K [0x0000000088e00000, 0x0000000100000000)
  region size 1024K, 52 young (53248K), 3 survivors (3072K)
 Metaspace       used 57943K, committed 58304K, reserved 1114112K
  class space    used 8347K, committed 8512K, reserved 1048576K
}

