# JRE version: Java(TM) SE Runtime Environment (17.0.10+11) (build 17.0.10+11-LTS-240)
# Java VM: Java HotSpot(TM) 64-Bit Server VM (17.0.10+11-LTS-240, mixed mode, sharing, tiered, compressed oops, compressed class ptrs, g1 gc, linux-amd64)
GC Precious Log:
 CPUs: 12 total, 12 available
 Memory: 7617M
 Large Page Support: Disabled
 NUMA Support: Disabled
 Compressed Oops: Enabled (32-bit)
 Heap Region Size: 1M
 Heap Min Capacity: 8M
 Heap Initial Capacity: 120M
 Heap Max Capacity: 1906M
 Pre-touch: Disabled
 Parallel Workers: 10
 Concurrent Workers: 3
 Concurrent Refinement Workers: 10
 Periodic GC: Disabled
Heap:
 garbage-first heap   total 124928K, used 112301K [0x0000000088e00000, 0x0000000100000000)
  region size 1024K, 62 young (63488K), 7 survivors (7168K)
 Metaspace       used 58182K, committed 58560K, reserved 1114112K
  class space    used 8350K, committed 8512K, reserved 1048576K
GC Heap History (15 events):
Event: 2.213 GC heap before
{Heap before GC invocations=0 (full 0):
 garbage-first heap   total 124928K, used 24556K [0x0000000088e00000, 0x0000000100000000)
  region size 1024K, 23 young (23552K), 0 survivors (0K)
 Metaspace       used 9124K, committed 9344K, reserved 1114112K
  class space    used 1217K, committed 1280K, reserved 1048576K
}
Event: 2.225 GC heap after
{Heap after GC invocations=1 (full 0):
 garbage-first heap   total 124928K, used 7241K [0x0000000088e00000, 0x0000000100000000)
  region size 1024K, 3 young (3072K), 3 survivors (3072K)
 Metaspace       used 9124K, committed 9344K, reserved 1114112K
  class space    used 1217K, committed 1280K, reserved 1048576K
}
Event: 20.799 GC heap before
{Heap before GC invocations=1 (full 0):
 garbage-first heap   total 124928K, used 58441K [0x0000000088e00000, 0x0000000100000000)
  region size 1024K, 35 young (35840K), 3 survivors (3072K)
 Metaspace       used 17328K, committed 17536K, reserved 1114112K
  class space    used 2486K, committed 2624K, reserved 1048576K
}
Event: 20.823 GC heap after
{Heap after GC invocations=2 (full 0):
 garbage-first heap   total 124928K, used 31310K [0x0000000088e00000, 0x0000000100000000)
  region size 1024K, 5 young (5120K), 5 survivors (5120K)
 Metaspace       used 17328K, committed 17536K, reserved 1114112K
  class space    used 2486K, committed 2624K, reserved 1048576K
}
Event: 38.536 GC heap before
{Heap before GC invocations=2 (full 0):
 garbage-first heap   total 124928K, used 70222K [0x0000000088e00000, 0x0000000100000000)
  region size 1024K, 28 young (28672K), 5 survivors (5120K)
 Metaspace       used 21337K, committed 21504K, reserved 1114112K
  class space    used 2996K, committed 3072K, reserved 1048576K
}
Event: 38.544 GC heap after
{Heap after GC invocations=3 (full 0):
 garbage-first heap   total 124928K, used 50538K [0x0000000088e00000, 0x0000000100000000)
  region size 1024K, 3 young (3072K), 3 survivors (3072K)
 Metaspace       used 21337K, committed 21504K, reserved 1114112K
  class space    used 2996K, committed 3072K, reserved 1048576K
}
Event: 40.485 GC heap before
{Heap before GC invocations=4 (full 0):
 garbage-first heap   total 124928K, used 81258K [0x0000000088e00000, 0x0000000100000000)
  region size 1024K, 34 young (34816K), 3 survivors (3072K)
 Metaspace       used 35880K, committed 36096K, reserved 1114112K
  class space    used 4878K, committed 4992K, reserved 1048576K
}
Event: 40.498 GC heap after
{Heap after GC invocations=5 (full 0):
 garbage-first heap   total 124928K, used 54359K [0x0000000088e00000, 0x0000000100000000)
  region size 1024K, 4 young (4096K), 4 survivors (4096K)
 Metaspace       used 35880K, committed 36096K, reserved 1114112K
  class space    used 4878K, committed 4992K, reserved 1048576K
}
Event: 40.555 GC heap before
{Heap before GC invocations=5 (full 0):
 garbage-first heap   total 124928K, used 54359K [0x0000000088e00000, 0x0000000100000000)
  region size 1024K, 6 young (6144K), 4 survivors (4096K)
 Metaspace       used 36203K, committed 36416K, reserved 1114112K
  class space    used 4933K, committed 5056K, reserved 1048576K
}
Event: 40.563 GC heap after
{Heap after GC invocations=6 (full 0):
 garbage-first heap   total 124928K, used 54735K [0x0000000088e00000, 0x0000000100000000)
  region size 1024K, 1 young (1024K), 1 survivors (1024K)
 Metaspace       used 36203K, committed 36416K, reserved 1114112K
  class space    used 4933K, committed 5056K, reserved 1048576K
}
Event: 40.626 GC heap before
{Heap before GC invocations=6 (full 0):
 garbage-first heap   total 124928K, used 54735K [0x0000000088e00000, 0x0000000100000000)
  region size 1024K, 2 young (2048K), 1 survivors (1024K)
 Metaspace       used 36466K, committed 36736K, reserved 1114112K
  class space    used 4968K, committed 5120K, reserved 1048576K
}
Event: 40.629 GC heap after
{Heap after GC invocations=7 (full 0):
 garbage-first heap   total 124928K, used 54307K [0x0000000088e00000, 0x0000000100000000)
  region size 1024K, 1 young (1024K), 1 survivors (1024K)
 Metaspace       used 36466K, committed 36736K, reserved 1114112K
  class space    used 4968K, committed 5120K, reserved 1048576K
}
Event: 42.075 GC heap before
{Heap before GC invocations=8 (full 0):
 garbage-first heap   total 124928K, used 76835K [0x0000000088e00000, 0x0000000100000000)
  region size 1024K, 40 young (40960K), 1 survivors (1024K)
 Metaspace       used 48348K, committed 48704K, reserved 1114112K
  class space    used 6830K, committed 6976K, reserved 1048576K
}
Event: 42.083 GC heap after
{Heap after GC invocations=9 (full 0):
 garbage-first heap   total 124928K, used 39597K [0x0000000088e00000, 0x0000000100000000)
  region size 1024K, 2 young (2048K), 2 survivors (2048K)
 Metaspace       used 48348K, committed 48704K, reserved 1114112K
  class space    used 6830K, committed 6976K, reserved 1048576K
}
Event: 60.410 GC heap before
{Heap before GC invocations=9 (full 0):
 garbage-first heap   total 124928K, used 112301K [0x0000000088e00000, 0x0000000100000000)
  region size 1024K, 57 young (58368K), 2 survivors (2048K)
 Metaspace       used 58182K, committed 58560K, reserved 1114112K
  class space    used 8350K, committed 8512K, reserved 1048576K
}

