# JRE version: Java(TM) SE Runtime Environment (17.0.10+11) (build 17.0.10+11-LTS-240)
# Java VM: Java HotSpot(TM) 64-Bit Server VM (17.0.10+11-LTS-240, mixed mode, sharing, tiered, compressed oops, compressed class ptrs, g1 gc, linux-amd64)
GC Precious Log:
 CPUs: 12 total, 12 available
 Memory: 7617M
 Large Page Support: Disabled
 NUMA Support: Disabled
 Compressed Oops: Enabled (32-bit)
 Heap Region Size: 1M
 Heap Min Capacity: 8M
 Heap Initial Capacity: 120M
 Heap Max Capacity: 1906M
 Pre-touch: Disabled
 Parallel Workers: 10
 Concurrent Workers: 3
 Concurrent Refinement Workers: 10
 Periodic GC: Disabled
Heap:
 garbage-first heap   total 119808K, used 87979K [0x0000000088e00000, 0x0000000100000000)
  region size 1024K, 56 young (57344K), 7 survivors (7168K)
 Metaspace       used 57563K, committed 57856K, reserved 1114112K
  class space    used 8258K, committed 8384K, reserved 1048576K
GC Heap History (11 events):
Event: 0.652 GC heap before
{Heap before GC invocations=0 (full 0):
 garbage-first heap   total 124928K, used 24556K [0x0000000088e00000, 0x0000000100000000)
  region size 1024K, 23 young (23552K), 0 survivors (0K)
 Metaspace       used 8947K, committed 9152K, reserved 1114112K
  class space    used 1209K, committed 1280K, reserved 1048576K
}
Event: 0.657 GC heap after
{Heap after GC invocations=1 (full 0):
 garbage-first heap   total 124928K, used 7281K [0x0000000088e00000, 0x0000000100000000)
  region size 1024K, 3 young (3072K), 3 survivors (3072K)
 Metaspace       used 8947K, committed 9152K, reserved 1114112K
  class space    used 1209K, committed 1280K, reserved 1048576K
}
Event: 9.394 GC heap before
{Heap before GC invocations=1 (full 0):
 garbage-first heap   total 124928K, used 56433K [0x0000000088e00000, 0x0000000100000000)
  region size 1024K, 34 young (34816K), 3 survivors (3072K)
 Metaspace       used 16979K, committed 17216K, reserved 1114112K
  class space    used 2486K, committed 2624K, reserved 1048576K
}
Event: 9.403 GC heap after
{Heap after GC invocations=2 (full 0):
 garbage-first heap   total 124928K, used 31146K [0x0000000088e00000, 0x0000000100000000)
  region size 1024K, 5 young (5120K), 5 survivors (5120K)
 Metaspace       used 16979K, committed 17216K, reserved 1114112K
  class space    used 2486K, committed 2624K, reserved 1048576K
}
Event: 9.541 GC heap before
{Heap before GC invocations=2 (full 0):
 garbage-first heap   total 124928K, used 44458K [0x0000000088e00000, 0x0000000100000000)
  region size 1024K, 19 young (19456K), 5 survivors (5120K)
 Metaspace       used 21262K, committed 21504K, reserved 1114112K
  class space    used 3061K, committed 3200K, reserved 1048576K
}
Event: 9.544 GC heap after
{Heap after GC invocations=3 (full 0):
 garbage-first heap   total 124928K, used 32451K [0x0000000088e00000, 0x0000000100000000)
  region size 1024K, 2 young (2048K), 2 survivors (2048K)
 Metaspace       used 21262K, committed 21504K, reserved 1114112K
  class space    used 3061K, committed 3200K, reserved 1048576K
}
Event: 10.040 GC heap before
{Heap before GC invocations=4 (full 0):
 garbage-first heap   total 119808K, used 66243K [0x0000000088e00000, 0x0000000100000000)
  region size 1024K, 36 young (36864K), 2 survivors (2048K)
 Metaspace       used 36022K, committed 36288K, reserved 1114112K
  class space    used 4984K, committed 5120K, reserved 1048576K
}
Event: 10.044 GC heap after
{Heap after GC invocations=5 (full 0):
 garbage-first heap   total 119808K, used 35778K [0x0000000088e00000, 0x0000000100000000)
  region size 1024K, 5 young (5120K), 5 survivors (5120K)
 Metaspace       used 36022K, committed 36288K, reserved 1114112K
  class space    used 4984K, committed 5120K, reserved 1048576K
}
Event: 10.462 GC heap before
{Heap before GC invocations=6 (full 0):
 garbage-first heap   total 119808K, used 80834K [0x0000000088e00000, 0x0000000100000000)
  region size 1024K, 49 young (50176K), 5 survivors (5120K)
 Metaspace       used 49533K, committed 49856K, reserved 1114112K
  class space    used 7013K, committed 7168K, reserved 1048576K
}
Event: 10.466 GC heap after
{Heap after GC invocations=7 (full 0):
 garbage-first heap   total 119808K, used 37803K [0x0000000088e00000, 0x0000000100000000)
  region size 1024K, 3 young (3072K), 3 survivors (3072K)
 Metaspace       used 49533K, committed 49856K, reserved 1114112K
  class space    used 7013K, committed 7168K, reserved 1048576K
}
Event: 20.346 GC heap before
{Heap before GC invocations=7 (full 0):
 garbage-first heap   total 119808K, used 87979K [0x0000000088e00000, 0x0000000100000000)
  region size 1024K, 52 young (53248K), 3 survivors (3072K)
 Metaspace       used 57563K, committed 57856K, reserved 1114112K
  class space    used 8258K, committed 8384K, reserved 1048576K
}

