# JRE version: Java(TM) SE Runtime Environment (17.0.10+11) (build 17.0.10+11-LTS-240)
# Java VM: Java HotSpot(TM) 64-Bit Server VM (17.0.10+11-LTS-240, mixed mode, sharing, tiered, compressed oops, compressed class ptrs, g1 gc, linux-amd64)
GC Precious Log:
 CPUs: 12 total, 12 available
 Memory: 7617M
 Large Page Support: Disabled
 NUMA Support: Disabled
 Compressed Oops: Enabled (32-bit)
 Heap Region Size: 1M
 Heap Min Capacity: 8M
 Heap Initial Capacity: 120M
 Heap Max Capacity: 1906M
 Pre-touch: Disabled
 Parallel Workers: 10
 Concurrent Workers: 3
 Concurrent Refinement Workers: 10
 Periodic GC: Disabled
Heap:
 garbage-first heap   total 119808K, used 88160K [0x0000000088e00000, 0x0000000100000000)
  region size 1024K, 56 young (57344K), 7 survivors (7168K)
 Metaspace       used 58042K, committed 58368K, reserved 1114112K
  class space    used 8339K, committed 8512K, reserved 1048576K
GC Heap History (11 events):
Event: 0.664 GC heap before
{Heap before GC invocations=0 (full 0):
 garbage-first heap   total 124928K, used 24556K [0x0000000088e00000, 0x0000000100000000)
  region size 1024K, 23 young (23552K), 0 survivors (0K)
 Metaspace       used 8947K, committed 9152K, reserved 1114112K
  class space    used 1208K, committed 1280K, reserved 1048576K
}
Event: 0.667 GC heap after
{Heap after GC invocations=1 (full 0):
 garbage-first heap   total 124928K, used 7455K [0x0000000088e00000, 0x0000000100000000)
  region size 1024K, 3 young (3072K), 3 survivors (3072K)
 Metaspace       used 8947K, committed 9152K, reserved 1114112K
  class space    used 1208K, committed 1280K, reserved 1048576K
}
Event: 5.202 GC heap before
{Heap before GC invocations=1 (full 0):
 garbage-first heap   total 124928K, used 56607K [0x0000000088e00000, 0x0000000100000000)
  region size 1024K, 34 young (34816K), 3 survivors (3072K)
 Metaspace       used 17247K, committed 17472K, reserved 1114112K
  class space    used 2519K, committed 2624K, reserved 1048576K
}
Event: 5.209 GC heap after
{Heap after GC invocations=2 (full 0):
 garbage-first heap   total 124928K, used 31267K [0x0000000088e00000, 0x0000000100000000)
  region size 1024K, 5 young (5120K), 5 survivors (5120K)
 Metaspace       used 17247K, committed 17472K, reserved 1114112K
  class space    used 2519K, committed 2624K, reserved 1048576K
}
Event: 5.311 GC heap before
{Heap before GC invocations=2 (full 0):
 garbage-first heap   total 124928K, used 43555K [0x0000000088e00000, 0x0000000100000000)
  region size 1024K, 18 young (18432K), 5 survivors (5120K)
 Metaspace       used 21315K, committed 21504K, reserved 1114112K
  class space    used 3090K, committed 3200K, reserved 1048576K
}
Event: 5.315 GC heap after
{Heap after GC invocations=3 (full 0):
 garbage-first heap   total 124928K, used 32396K [0x0000000088e00000, 0x0000000100000000)
  region size 1024K, 2 young (2048K), 2 survivors (2048K)
 Metaspace       used 21315K, committed 21504K, reserved 1114112K
  class space    used 3090K, committed 3200K, reserved 1048576K
}
Event: 5.765 GC heap before
{Heap before GC invocations=4 (full 0):
 garbage-first heap   total 119808K, used 66188K [0x0000000088e00000, 0x0000000100000000)
  region size 1024K, 36 young (36864K), 2 survivors (2048K)
 Metaspace       used 35994K, committed 36288K, reserved 1114112K
  class space    used 5016K, committed 5184K, reserved 1048576K
}
Event: 5.769 GC heap after
{Heap after GC invocations=5 (full 0):
 garbage-first heap   total 119808K, used 35958K [0x0000000088e00000, 0x0000000100000000)
  region size 1024K, 5 young (5120K), 5 survivors (5120K)
 Metaspace       used 35994K, committed 36288K, reserved 1114112K
  class space    used 5016K, committed 5184K, reserved 1048576K
}
Event: 6.223 GC heap before
{Heap before GC invocations=6 (full 0):
 garbage-first heap   total 119808K, used 81014K [0x0000000088e00000, 0x0000000100000000)
  region size 1024K, 50 young (51200K), 5 survivors (5120K)
 Metaspace       used 49632K, committed 49920K, reserved 1114112K
  class space    used 7041K, committed 7168K, reserved 1048576K
}
Event: 6.227 GC heap after
{Heap after GC invocations=7 (full 0):
 garbage-first heap   total 119808K, used 37984K [0x0000000088e00000, 0x0000000100000000)
  region size 1024K, 3 young (3072K), 3 survivors (3072K)
 Metaspace       used 49632K, committed 49920K, reserved 1114112K
  class space    used 7041K, committed 7168K, reserved 1048576K
}
Event: 9.598 GC heap before
{Heap before GC invocations=7 (full 0):
 garbage-first heap   total 119808K, used 88160K [0x0000000088e00000, 0x0000000100000000)
  region size 1024K, 52 young (53248K), 3 survivors (3072K)
 Metaspace       used 58042K, committed 58368K, reserved 1114112K
  class space    used 8339K, committed 8512K, reserved 1048576K
}

