# JRE version: Java(TM) SE Runtime Environment (17.0.10+11) (build 17.0.10+11-LTS-240)
# Java VM: Java HotSpot(TM) 64-Bit Server VM (17.0.10+11-LTS-240, mixed mode, sharing, tiered, compressed oops, compressed class ptrs, g1 gc, linux-amd64)
GC Precious Log:
 CPUs: 12 total, 12 available
 Memory: 7617M
 Large Page Support: Disabled
 NUMA Support: Disabled
 Compressed Oops: Enabled (32-bit)
 Heap Region Size: 1M
 Heap Min Capacity: 8M
 Heap Initial Capacity: 120M
 Heap Max Capacity: 1906M
 Pre-touch: Disabled
 Parallel Workers: 10
 Concurrent Workers: 3
 Concurrent Refinement Workers: 10
 Periodic GC: Disabled
Heap:
 garbage-first heap   total 116736K, used 88344K [0x0000000088e00000, 0x0000000100000000)
  region size 1024K, 56 young (57344K), 7 survivors (7168K)
 Metaspace       used 59183K, committed 59584K, reserved 1114112K
  class space    used 8572K, committed 8768K, reserved 1048576K
GC Heap History (17 events):
Event: 0.725 GC heap before
{Heap before GC invocations=0 (full 0):
 garbage-first heap   total 124928K, used 25580K [0x0000000088e00000, 0x0000000100000000)
  region size 1024K, 23 young (23552K), 0 survivors (0K)
 Metaspace       used 8911K, committed 9088K, reserved 1114112K
  class space    used 1207K, committed 1280K, reserved 1048576K
}
Event: 0.729 GC heap after
{Heap after GC invocations=1 (full 0):
 garbage-first heap   total 124928K, used 7032K [0x0000000088e00000, 0x0000000100000000)
  region size 1024K, 3 young (3072K), 3 survivors (3072K)
 Metaspace       used 8911K, committed 9088K, reserved 1114112K
  class space    used 1207K, committed 1280K, reserved 1048576K
}
Event: 4.947 GC heap before
{Heap before GC invocations=1 (full 0):
 garbage-first heap   total 124928K, used 59256K [0x0000000088e00000, 0x0000000100000000)
  region size 1024K, 37 young (37888K), 3 survivors (3072K)
 Metaspace       used 17942K, committed 18176K, reserved 1114112K
  class space    used 2622K, committed 2752K, reserved 1048576K
}
Event: 4.953 GC heap after
{Heap after GC invocations=2 (full 0):
 garbage-first heap   total 124928K, used 31087K [0x0000000088e00000, 0x0000000100000000)
  region size 1024K, 5 young (5120K), 5 survivors (5120K)
 Metaspace       used 17942K, committed 18176K, reserved 1114112K
  class space    used 2622K, committed 2752K, reserved 1048576K
}
Event: 5.051 GC heap before
{Heap before GC invocations=2 (full 0):
 garbage-first heap   total 124928K, used 40303K [0x0000000088e00000, 0x0000000100000000)
  region size 1024K, 15 young (15360K), 5 survivors (5120K)
 Metaspace       used 21312K, committed 21504K, reserved 1114112K
  class space    used 3092K, committed 3200K, reserved 1048576K
}
Event: 5.055 GC heap after
{Heap after GC invocations=3 (full 0):
 garbage-first heap   total 124928K, used 32124K [0x0000000088e00000, 0x0000000100000000)
  region size 1024K, 1 young (1024K), 1 survivors (1024K)
 Metaspace       used 21312K, committed 21504K, reserved 1114112K
  class space    used 3092K, committed 3200K, reserved 1048576K
}
Event: 5.584 GC heap before
{Heap before GC invocations=4 (full 0):
 garbage-first heap   total 116736K, used 67964K [0x0000000088e00000, 0x0000000100000000)
  region size 1024K, 37 young (37888K), 1 survivors (1024K)
 Metaspace       used 36232K, committed 36480K, reserved 1114112K
  class space    used 5037K, committed 5184K, reserved 1048576K
}
Event: 5.588 GC heap after
{Heap after GC invocations=5 (full 0):
 garbage-first heap   total 116736K, used 35773K [0x0000000088e00000, 0x0000000100000000)
  region size 1024K, 5 young (5120K), 5 survivors (5120K)
 Metaspace       used 36232K, committed 36480K, reserved 1114112K
  class space    used 5037K, committed 5184K, reserved 1048576K
}
Event: 5.597 GC heap before
{Heap before GC invocations=5 (full 0):
 garbage-first heap   total 116736K, used 36797K [0x0000000088e00000, 0x0000000100000000)
  region size 1024K, 6 young (6144K), 5 survivors (5120K)
 Metaspace       used 36525K, committed 36736K, reserved 1114112K
  class space    used 5081K, committed 5184K, reserved 1048576K
}
Event: 5.600 GC heap after
{Heap after GC invocations=6 (full 0):
 garbage-first heap   total 116736K, used 36506K [0x0000000088e00000, 0x0000000100000000)
  region size 1024K, 1 young (1024K), 1 survivors (1024K)
 Metaspace       used 36525K, committed 36736K, reserved 1114112K
  class space    used 5081K, committed 5184K, reserved 1048576K
}
Event: 5.602 GC heap before
{Heap before GC invocations=6 (full 0):
 garbage-first heap   total 116736K, used 36506K [0x0000000088e00000, 0x0000000100000000)
  region size 1024K, 2 young (2048K), 1 survivors (1024K)
 Metaspace       used 36584K, committed 36800K, reserved 1114112K
  class space    used 5085K, committed 5184K, reserved 1048576K
}
Event: 5.603 GC heap after
{Heap after GC invocations=7 (full 0):
 garbage-first heap   total 116736K, used 36003K [0x0000000088e00000, 0x0000000100000000)
  region size 1024K, 1 young (1024K), 1 survivors (1024K)
 Metaspace       used 36584K, committed 36800K, reserved 1114112K
  class space    used 5085K, committed 5184K, reserved 1048576K
}
Event: 6.145 GC heap before
{Heap before GC invocations=8 (full 0):
 garbage-first heap   total 116736K, used 83107K [0x0000000088e00000, 0x0000000100000000)
  region size 1024K, 48 young (49152K), 1 survivors (1024K)
 Metaspace       used 49697K, committed 50048K, reserved 1114112K
  class space    used 7143K, committed 7296K, reserved 1048576K
}
Event: 6.148 GC heap after
{Heap after GC invocations=9 (full 0):
 garbage-first heap   total 116736K, used 38072K [0x0000000088e00000, 0x0000000100000000)
  region size 1024K, 3 young (3072K), 3 survivors (3072K)
 Metaspace       used 49697K, committed 50048K, reserved 1114112K
  class space    used 7143K, committed 7296K, reserved 1048576K
}
Event: 6.206 GC heap before
{Heap before GC invocations=9 (full 0):
 garbage-first heap   total 116736K, used 39096K [0x0000000088e00000, 0x0000000100000000)
  region size 1024K, 5 young (5120K), 3 survivors (3072K)
 Metaspace       used 50352K, committed 50688K, reserved 1114112K
  class space    used 7196K, committed 7360K, reserved 1048576K
}
Event: 6.209 GC heap after
{Heap after GC invocations=10 (full 0):
 garbage-first heap   total 116736K, used 38168K [0x0000000088e00000, 0x0000000100000000)
  region size 1024K, 1 young (1024K), 1 survivors (1024K)
 Metaspace       used 50352K, committed 50688K, reserved 1114112K
  class space    used 7196K, committed 7360K, reserved 1048576K
}
Event: 6.789 GC heap before
{Heap before GC invocations=10 (full 0):
 garbage-first heap   total 116736K, used 88344K [0x0000000088e00000, 0x0000000100000000)
  region size 1024K, 50 young (51200K), 1 survivors (1024K)
 Metaspace       used 59183K, committed 59584K, reserved 1114112K
  class space    used 8572K, committed 8768K, reserved 1048576K
}

