# JRE version: Java(TM) SE Runtime Environment (17.0.10+11) (build 17.0.10+11-LTS-240)
# Java VM: Java HotSpot(TM) 64-Bit Server VM (17.0.10+11-LTS-240, mixed mode, sharing, tiered, compressed oops, compressed class ptrs, g1 gc, linux-amd64)
GC Precious Log:
 CPUs: 12 total, 12 available
 Memory: 7617M
 Large Page Support: Disabled
 NUMA Support: Disabled
 Compressed Oops: Enabled (32-bit)
 Heap Region Size: 1M
 Heap Min Capacity: 8M
 Heap Initial Capacity: 120M
 Heap Max Capacity: 1906M
 Pre-touch: Disabled
 Parallel Workers: 10
 Concurrent Workers: 3
 Concurrent Refinement Workers: 10
 Periodic GC: Disabled
Heap:
 garbage-first heap   total 119808K, used 90395K [0x0000000088e00000, 0x0000000100000000)
  region size 1024K, 58 young (59392K), 7 survivors (7168K)
 Metaspace       used 58296K, committed 58624K, reserved 1114112K
  class space    used 8365K, committed 8512K, reserved 1048576K
GC Heap History (15 events):
Event: 0.632 GC heap before
{Heap before GC invocations=0 (full 0):
 garbage-first heap   total 124928K, used 24556K [0x0000000088e00000, 0x0000000100000000)
  region size 1024K, 23 young (23552K), 0 survivors (0K)
 Metaspace       used 8944K, committed 9152K, reserved 1114112K
  class space    used 1209K, committed 1280K, reserved 1048576K
}
Event: 0.636 GC heap after
{Heap after GC invocations=1 (full 0):
 garbage-first heap   total 124928K, used 7321K [0x0000000088e00000, 0x0000000100000000)
  region size 1024K, 3 young (3072K), 3 survivors (3072K)
 Metaspace       used 8944K, committed 9152K, reserved 1114112K
  class space    used 1209K, committed 1280K, reserved 1048576K
}
Event: 5.951 GC heap before
{Heap before GC invocations=1 (full 0):
 garbage-first heap   total 124928K, used 57497K [0x0000000088e00000, 0x0000000100000000)
  region size 1024K, 35 young (35840K), 3 survivors (3072K)
 Metaspace       used 17485K, committed 17664K, reserved 1114112K
  class space    used 2546K, committed 2624K, reserved 1048576K
}
Event: 5.957 GC heap after
{Heap after GC invocations=2 (full 0):
 garbage-first heap   total 124928K, used 30956K [0x0000000088e00000, 0x0000000100000000)
  region size 1024K, 5 young (5120K), 5 survivors (5120K)
 Metaspace       used 17485K, committed 17664K, reserved 1114112K
  class space    used 2546K, committed 2624K, reserved 1048576K
}
Event: 6.100 GC heap before
{Heap before GC invocations=2 (full 0):
 garbage-first heap   total 124928K, used 42220K [0x0000000088e00000, 0x0000000100000000)
  region size 1024K, 17 young (17408K), 5 survivors (5120K)
 Metaspace       used 21321K, committed 21504K, reserved 1114112K
  class space    used 3081K, committed 3200K, reserved 1048576K
}
Event: 6.104 GC heap after
{Heap after GC invocations=3 (full 0):
 garbage-first heap   total 124928K, used 31972K [0x0000000088e00000, 0x0000000100000000)
  region size 1024K, 2 young (2048K), 2 survivors (2048K)
 Metaspace       used 21321K, committed 21504K, reserved 1114112K
  class space    used 3081K, committed 3200K, reserved 1048576K
}
Event: 6.619 GC heap before
{Heap before GC invocations=4 (full 0):
 garbage-first heap   total 119808K, used 66788K [0x0000000088e00000, 0x0000000100000000)
  region size 1024K, 37 young (37888K), 2 survivors (2048K)
 Metaspace       used 36084K, committed 36288K, reserved 1114112K
  class space    used 5014K, committed 5120K, reserved 1048576K
}
Event: 6.623 GC heap after
{Heap after GC invocations=5 (full 0):
 garbage-first heap   total 119808K, used 35448K [0x0000000088e00000, 0x0000000100000000)
  region size 1024K, 5 young (5120K), 5 survivors (5120K)
 Metaspace       used 36084K, committed 36288K, reserved 1114112K
  class space    used 5014K, committed 5120K, reserved 1048576K
}
Event: 6.634 GC heap before
{Heap before GC invocations=5 (full 0):
 garbage-first heap   total 119808K, used 35448K [0x0000000088e00000, 0x0000000100000000)
  region size 1024K, 6 young (6144K), 5 survivors (5120K)
 Metaspace       used 36387K, committed 36608K, reserved 1114112K
  class space    used 5054K, committed 5184K, reserved 1048576K
}
Event: 6.637 GC heap after
{Heap after GC invocations=6 (full 0):
 garbage-first heap   total 119808K, used 35954K [0x0000000088e00000, 0x0000000100000000)
  region size 1024K, 1 young (1024K), 1 survivors (1024K)
 Metaspace       used 36387K, committed 36608K, reserved 1114112K
  class space    used 5054K, committed 5184K, reserved 1048576K
}
Event: 6.650 GC heap before
{Heap before GC invocations=6 (full 0):
 garbage-first heap   total 119808K, used 36978K [0x0000000088e00000, 0x0000000100000000)
  region size 1024K, 3 young (3072K), 1 survivors (1024K)
 Metaspace       used 36693K, committed 36928K, reserved 1114112K
  class space    used 5107K, committed 5248K, reserved 1048576K
}
Event: 6.652 GC heap after
{Heap after GC invocations=7 (full 0):
 garbage-first heap   total 119808K, used 35452K [0x0000000088e00000, 0x0000000100000000)
  region size 1024K, 1 young (1024K), 1 survivors (1024K)
 Metaspace       used 36693K, committed 36928K, reserved 1114112K
  class space    used 5107K, committed 5248K, reserved 1048576K
}
Event: 7.059 GC heap before
{Heap before GC invocations=8 (full 0):
 garbage-first heap   total 119808K, used 83580K [0x0000000088e00000, 0x0000000100000000)
  region size 1024K, 49 young (50176K), 1 survivors (1024K)
 Metaspace       used 51187K, committed 51456K, reserved 1114112K
  class space    used 7413K, committed 7552K, reserved 1048576K
}
Event: 7.062 GC heap after
{Heap after GC invocations=9 (full 0):
 garbage-first heap   total 119808K, used 38171K [0x0000000088e00000, 0x0000000100000000)
  region size 1024K, 3 young (3072K), 3 survivors (3072K)
 Metaspace       used 51187K, committed 51456K, reserved 1114112K
  class space    used 7413K, committed 7552K, reserved 1048576K
}
Event: 26.484 GC heap before
{Heap before GC invocations=9 (full 0):
 garbage-first heap   total 119808K, used 89371K [0x0000000088e00000, 0x0000000100000000)
  region size 1024K, 54 young (55296K), 3 survivors (3072K)
 Metaspace       used 58296K, committed 58624K, reserved 1114112K
  class space    used 8365K, committed 8512K, reserved 1048576K
}

